c:\users\mbord\documents\github\lftlaboratory\prob1\debug\vc140.pdb
c:\users\mbord\documents\github\lftlaboratory\prob1\debug\vc140.idb
c:\users\mbord\documents\github\lftlaboratory\prob1\debug\readeraf.obj
c:\users\mbord\documents\github\lftlaboratory\prob1\debug\readerst.obj
c:\users\mbord\documents\github\lftlaboratory\prob1\debug\regularexpression.obj
c:\users\mbord\documents\github\lftlaboratory\prob1\debug\source.obj
c:\users\mbord\documents\github\lftlaboratory\prob1\debug\util.obj
c:\users\andre\documents\github\lftlaboratory\prob1\debug\vc140.pdb
c:\users\andre\documents\github\lftlaboratory\prob1\debug\vc140.idb
c:\users\andre\documents\github\lftlaboratory\prob1\debug\readeraf.obj
c:\users\andre\documents\github\lftlaboratory\prob1\debug\readerst.obj
c:\users\andre\documents\github\lftlaboratory\prob1\debug\regularexpression.obj
c:\users\andre\documents\github\lftlaboratory\prob1\debug\util.obj
c:\users\andre\documents\github\lftlaboratory\prob1\debug\grammar.obj
c:\users\andre\documents\github\lftlaboratory\prob1\debug\source.obj
c:\users\mbord\documents\github\lftlaboratory\debug\solution.ilk
c:\users\mbord\documents\github\lftlaboratory\debug\solution.exe
c:\users\mbord\documents\github\lftlaboratory\debug\solution.pdb
c:\users\andre\documents\github\lftlaboratory\debug\solution.ilk
c:\users\andre\documents\github\lftlaboratory\debug\solution.exe
c:\users\andre\documents\github\lftlaboratory\debug\solution.pdb
c:\users\andre\documents\github\lftlaboratory\prob1\debug\solution.tlog\cl.command.1.tlog
c:\users\andre\documents\github\lftlaboratory\prob1\debug\solution.tlog\cl.read.1.tlog
c:\users\andre\documents\github\lftlaboratory\prob1\debug\solution.tlog\cl.write.1.tlog
c:\users\andre\documents\github\lftlaboratory\prob1\debug\solution.tlog\link.command.1.tlog
c:\users\andre\documents\github\lftlaboratory\prob1\debug\solution.tlog\link.read.1.tlog
c:\users\andre\documents\github\lftlaboratory\prob1\debug\solution.tlog\link.write.1.tlog
